<?xml version="1.0" encoding="UTF-8"?>
<!-- Generated by org.testng.reporters.JUnitReportReporter -->
<testsuite hostname="DESKTOP-LDOQOF8" name="com.DataDriven.NewUserRegistration_MultipleTestData" tests="2" failures="0" timestamp="14 May 2018 02:14:04 GMT" time="19.611" errors="0">
  <testcase name="NewUserRegistration" time="19.253" classname="com.DataDriven.NewUserRegistration_MultipleTestData"/>
  <testcase name="Register" time="0.358" classname="com.DataDriven.NewUserRegistration_MultipleTestData"/>
</testsuite> <!-- com.DataDriven.NewUserRegistration_MultipleTestData -->
