<?xml version="1.0" encoding="UTF-8"?>
<!-- Generated by org.testng.reporters.JUnitReportReporter -->
<testsuite hostname="DESKTOP-LDOQOF8" name="com.Annotations.Annotations1" tests="4" failures="0" timestamp="9 May 2018 05:12:49 GMT" time="0.019" errors="0">
  <testcase name="LogIn" time="0.002" classname="com.Annotations.Annotations1"/>
  <testcase name="ComposeMail" time="0.001" classname="com.Annotations.Annotations1"/>
  <testcase name="InBox" time="0.002" classname="com.Annotations.Annotations1"/>
  <testcase name="BrowserLaunch" time="0.014" classname="com.Annotations.Annotations1"/>
</testsuite> <!-- com.Annotations.Annotations1 -->
