<?xml version="1.0" encoding="UTF-8"?>
<!-- Generated by org.testng.reporters.JUnitReportReporter -->
<testsuite hostname="DESKTOP-LDOQOF8" name="com.Annotations.Annotation2" tests="2" failures="0" timestamp="9 May 2018 05:18:45 GMT" time="0.009" errors="0">
  <testcase name="ComposeMail" time="0.002" classname="com.Annotations.Annotation2"/>
  <testcase name="InBox" time="0.007" classname="com.Annotations.Annotation2"/>
</testsuite> <!-- com.Annotations.Annotation2 -->
