<?xml version="1.0" encoding="UTF-8"?>
<!-- Generated by org.testng.reporters.JUnitReportReporter -->
<testsuite hostname="DESKTOP-LDOQOF8" name="com.Annotations.Annotations3" tests="2" failures="0" timestamp="9 May 2018 05:22:13 GMT" time="0.019" errors="0">
  <testcase name="InBox" time="0.016" classname="com.Annotations.Annotations3"/>
  <testcase name="ComposeMail" time="0.003" classname="com.Annotations.Annotations3"/>
</testsuite> <!-- com.Annotations.Annotations3 -->
