<?xml version="1.0" encoding="UTF-8"?>
<!-- Generated by org.testng.reporters.JUnitReportReporter -->
<testsuite hostname="DESKTOP-LDOQOF8" name="com.Annotations.NewTours_LogInTest" tests="1" failures="0" timestamp="10 May 2018 00:54:06 GMT" time="4.348" errors="0">
  <testcase name="LogIn" time="4.348" classname="com.Annotations.NewTours_LogInTest"/>
</testsuite> <!-- com.Annotations.NewTours_LogInTest -->
