<?xml version="1.0" encoding="UTF-8"?>
<!-- Generated by org.testng.reporters.JUnitReportReporter -->
<testsuite hostname="DESKTOP-LDOQOF8" name="com.KeyWord.NewTours_LogInTest" tests="1" failures="0" timestamp="14 May 2018 02:14:04 GMT" time="5.002" errors="0">
  <testcase name="LogIn" time="5.002" classname="com.KeyWord.NewTours_LogInTest"/>
</testsuite> <!-- com.KeyWord.NewTours_LogInTest -->
