<?xml version="1.0" encoding="UTF-8"?>
<!-- Generated by org.testng.reporters.JUnitReportReporter -->
<testsuite hostname="DESKTOP-LDOQOF8" name="com.DragAndDrop.Jqueryui_DragAndDrop" tests="1" failures="0" timestamp="10 May 2018 08:10:02 GMT" time="0.567" errors="0">
  <testcase name="DragandDrop" time="0.567" classname="com.DragAndDrop.Jqueryui_DragAndDrop"/>
</testsuite> <!-- com.DragAndDrop.Jqueryui_DragAndDrop -->
