<?xml version="1.0" encoding="UTF-8"?>
<!-- Generated by org.testng.reporters.JUnitReportReporter -->
<testsuite hostname="DESKTOP-LDOQOF8" name="com.Assignments.NewTours_Register_ValidateRegistration" tests="2" failures="0" timestamp="10 May 2018 08:26:19 GMT" time="13.541" errors="0">
  <testcase name="Register" time="0.259" classname="com.Assignments.NewTours_Register_ValidateRegistration"/>
  <testcase name="NewUserRegistration" time="13.282" classname="com.Assignments.NewTours_Register_ValidateRegistration"/>
</testsuite> <!-- com.Assignments.NewTours_Register_ValidateRegistration -->
