<?xml version="1.0" encoding="UTF-8"?>
<!-- Generated by org.testng.reporters.JUnitReportReporter -->
<testsuite hostname="DESKTOP-LDOQOF8" name="com.Assignments.NewTours_Register_ExcelReadData" tests="2" failures="0" timestamp="11 May 2018 08:27:50 GMT" time="6.772" errors="0">
  <testcase name="NewUserRegistration" time="6.450" classname="com.Assignments.NewTours_Register_ExcelReadData"/>
  <testcase name="Register" time="0.322" classname="com.Assignments.NewTours_Register_ExcelReadData"/>
</testsuite> <!-- com.Assignments.NewTours_Register_ExcelReadData -->
