<?xml version="1.0" encoding="UTF-8"?>
<!-- Generated by org.testng.reporters.JUnitReportReporter -->
<testsuite hostname="DESKTOP-LDOQOF8" name="com.POM.NewTours_HomePageTesting" tests="1" failures="0" timestamp="16 May 2018 00:33:28 GMT" time="15.618" errors="0">
  <testcase name="HomePage" time="15.618" classname="com.POM.NewTours_HomePageTesting"/>
</testsuite> <!-- com.POM.NewTours_HomePageTesting -->
