<?xml version="1.0" encoding="UTF-8"?>
<!-- Generated by org.testng.reporters.JUnitReportReporter -->
<testsuite name="com.NewToursLogInTest.LogInTest" tests="1" time="5.400" ignored="0" failures="0" timestamp="19 May 2018 05:13:17 GMT" skipped="0" hostname="DESKTOP-LDOQOF8" errors="0">
  <testcase name="LogIn" time="5.400" classname="com.NewToursLogInTest.LogInTest"/>
</testsuite> <!-- com.NewToursLogInTest.LogInTest -->
